<?xml version="1.0" encoding="UTF-8" standalone="yes"?><!DOCTYPE report PUBLIC "-//JACOCO//DTD Report 1.0//EN"
        "report.dtd">
<report name="kaytee_test">
    <sessioninfo id="david-corsair-1076356f" start="1470741686135" dump="1470741687674"/>
    <package name="uk/q3c/kayteetest">
        <class name="uk/q3c/kayteetest/Calculator">
            <method name="&lt;init&gt;" desc="()V" line="7">
                <counter type="INSTRUCTION" missed="0" covered="3"/>
                <counter type="LINE" missed="0" covered="1"/>
                <counter type="COMPLEXITY" missed="0" covered="1"/>
                <counter type="METHOD" missed="0" covered="1"/>
            </method>
            <method name="add" desc="(II)I" line="10">
                <counter type="INSTRUCTION" missed="0" covered="4"/>
                <counter type="LINE" missed="0" covered="1"/>
                <counter type="COMPLEXITY" missed="0" covered="1"/>
                <counter type="METHOD" missed="0" covered="1"/>
            </method>
            <method name="multiply" desc="(II)I" line="14">
                <counter type="INSTRUCTION" missed="6" covered="0"/>
                <counter type="LINE" missed="1" covered="0"/>
                <counter type="COMPLEXITY" missed="1" covered="0"/>
                <counter type="METHOD" missed="1" covered="0"/>
            </method>
            <counter type="INSTRUCTION" missed="6" covered="7"/>
            <counter type="LINE" missed="1" covered="2"/>
            <counter type="COMPLEXITY" missed="1" covered="2"/>
            <counter type="METHOD" missed="1" covered="2"/>
            <counter type="CLASS" missed="0" covered="1"/>
        </class>
        <sourcefile name="Calculator.java">
            <line nr="7" mi="0" ci="3" mb="0" cb="0"/>
            <line nr="10" mi="0" ci="4" mb="0" cb="0"/>
            <line nr="14" mi="6" ci="0" mb="0" cb="0"/>
            <counter type="INSTRUCTION" missed="6" covered="7"/>
            <counter type="LINE" missed="1" covered="2"/>
            <counter type="COMPLEXITY" missed="1" covered="2"/>
            <counter type="METHOD" missed="1" covered="2"/>
            <counter type="CLASS" missed="0" covered="1"/>
        </sourcefile>
        <counter type="INSTRUCTION" missed="6" covered="7"/>
        <counter type="LINE" missed="1" covered="2"/>
        <counter type="COMPLEXITY" missed="1" covered="2"/>
        <counter type="METHOD" missed="1" covered="2"/>
        <counter type="CLASS" missed="0" covered="1"/>
    </package>
    <counter type="INSTRUCTION" missed="6" covered="7"/>
    <counter type="LINE" missed="1" covered="2"/>
    <counter type="COMPLEXITY" missed="1" covered="2"/>
    <counter type="METHOD" missed="1" covered="2"/>
    <counter type="CLASS" missed="0" covered="1"/>
</report>